2026-04-30T09:45:11.265+02:00  INFO 37632 --- [emt-lab] [scheduling-1] f.w.e.s.MaterializedViewRefreshScheduler : Starting refresh of book_category_stats materialized view...
2026-04-30T09:45:11.933+02:00  INFO 37632 --- [emt-lab] [scheduling-1] f.w.e.s.MaterializedViewRefreshScheduler : Finished refresh of book_category_stats materialized view.
2026-04-30T09:45:18.017+02:00  WARN 37632 --- [emt-lab] [HikariPool-1 housekeeper] com.zaxxer.hikari.pool.HikariPool        : HikariPool-1 - Thread starvation or clock leap detected (housekeeper delta=19h34m21s172ms251µs700ns).
2026-04-30T09:46:00.035+02:00  INFO 37632 --- [emt-lab] [scheduling-1] f.w.e.s.MaterializedViewRefreshScheduler : Starting refresh of book_category_stats materialized view...
2026-04-30T09:46:00.262+02:00  INFO 37632 --- [emt-lab] [scheduling-1] f.w.e.s.MaterializedViewRefreshScheduler : Finished refresh of book_category_stats materialized view.
2026-04-30T09:46:05.033+02:00  INFO 37632 --- [emt-lab] [SpringApplicationShutdownHook] com.zaxxer.hikari.HikariDataSource       : HikariPool-1 - Shutdown initiated...
2026-04-30T09:46:05.041+02:00  INFO 37632 --- [emt-lab] [SpringApplicationShutdownHook] com.zaxxer.hikari.HikariDataSource       : HikariPool-1 - Shutdown completed.
2026-04-30T12:39:38.780+02:00  INFO 34540 --- [emt-lab] [main] m.u.finki.wp.emtlab.EmtLabApplication    : Starting EmtLabApplication using Java 21.0.8 with PID 34540 (D:\wp-25\aa\backend\target\classes started by Mario in D:\wp-25\aa)
2026-04-30T12:39:38.784+02:00  INFO 34540 --- [emt-lab] [main] m.u.finki.wp.emtlab.EmtLabApplication    : The following 1 profile is active: "dev"
2026-04-30T12:39:42.591+02:00  INFO 34540 --- [emt-lab] [main] o.apache.catalina.core.StandardService   : Starting service [Tomcat]
2026-04-30T12:39:42.607+02:00  INFO 34540 --- [emt-lab] [main] o.apache.catalina.core.StandardEngine    : Starting Servlet engine: [Apache Tomcat/10.1.36]
2026-04-30T12:39:42.725+02:00  INFO 34540 --- [emt-lab] [main] o.a.c.c.C.[Tomcat].[localhost].[/]       : Initializing Spring embedded WebApplicationContext
2026-04-30T12:39:43.099+02:00  INFO 34540 --- [emt-lab] [main] com.zaxxer.hikari.HikariDataSource       : HikariPool-1 - Starting...
2026-04-30T12:39:43.415+02:00  INFO 34540 --- [emt-lab] [main] com.zaxxer.hikari.pool.HikariPool        : HikariPool-1 - Added connection org.postgresql.jdbc.PgConnection@12f8682a
2026-04-30T12:39:43.422+02:00  INFO 34540 --- [emt-lab] [main] com.zaxxer.hikari.HikariDataSource       : HikariPool-1 - Start completed.
2026-04-30T12:39:43.453+02:00  INFO 34540 --- [emt-lab] [main] org.flywaydb.core.FlywayExecutor         : Database: jdbc:postgresql://localhost:5434/emtlab (PostgreSQL 17.4)
2026-04-30T12:39:43.756+02:00  INFO 34540 --- [emt-lab] [main] o.f.core.internal.command.DbValidate     : Successfully validated 12 migrations (execution time 00:00.255s)
2026-04-30T12:39:43.794+02:00  INFO 34540 --- [emt-lab] [main] o.f.core.internal.command.DbMigrate      : Current version of schema "public": 12
2026-04-30T12:39:43.800+02:00  INFO 34540 --- [emt-lab] [main] o.f.core.internal.command.DbMigrate      : Schema "public" is up to date. No migration necessary.
2026-04-30T12:39:43.954+02:00  INFO 34540 --- [emt-lab] [main] o.hibernate.jpa.internal.util.LogHelper  : HHH000204: Processing PersistenceUnitInfo [name: default]
2026-04-30T12:39:44.024+02:00  INFO 34540 --- [emt-lab] [main] org.hibernate.Version                    : HHH000412: Hibernate ORM core version 6.6.8.Final
2026-04-30T12:39:44.081+02:00  INFO 34540 --- [emt-lab] [main] o.h.c.internal.RegionFactoryInitiator    : HHH000026: Second-level cache disabled
2026-04-30T12:39:44.477+02:00  INFO 34540 --- [emt-lab] [main] org.hibernate.orm.connections.pooling    : HHH10001005: Database info:
	Database JDBC URL [Connecting through datasource 'HikariDataSource (HikariPool-1)']
	Database driver: undefined/unknown
	Database version: 17.4
	Autocommit mode: undefined/unknown
	Isolation level: undefined/unknown
	Minimum pool size: undefined/unknown
	Maximum pool size: undefined/unknown
2026-04-30T12:39:45.646+02:00  INFO 34540 --- [emt-lab] [main] o.h.e.t.j.p.i.JtaPlatformInitiator       : HHH000489: No JTA platform available (set 'hibernate.transaction.jta.platform' to enable JTA platform integration)
2026-04-30T12:39:46.171+02:00  WARN 34540 --- [emt-lab] [main] JpaBaseConfiguration$JpaWebConfiguration : spring.jpa.open-in-view is enabled by default. Therefore, database queries may be performed during view rendering. Explicitly configure spring.jpa.open-in-view to disable this warning
2026-04-30T12:39:49.428+02:00  INFO 34540 --- [emt-lab] [main] m.u.finki.wp.emtlab.EmtLabApplication    : Started EmtLabApplication in 11.649 seconds (process running for 15.054)
2026-04-30T12:40:00.080+02:00  INFO 34540 --- [emt-lab] [scheduling-1] f.w.e.s.MaterializedViewRefreshScheduler : Starting refresh of book_category_stats materialized view...
2026-04-30T12:40:00.121+02:00  INFO 34540 --- [emt-lab] [scheduling-1] f.w.e.s.MaterializedViewRefreshScheduler : Finished refresh of book_category_stats materialized view.
2026-04-30T12:40:10.422+02:00  INFO 34540 --- [emt-lab] [http-nio-8081-exec-1] o.a.c.c.C.[Tomcat].[localhost].[/]       : Initializing Spring DispatcherServlet 'dispatcherServlet'
2026-04-30T12:41:00.006+02:00  INFO 34540 --- [emt-lab] [scheduling-1] f.w.e.s.MaterializedViewRefreshScheduler : Starting refresh of book_category_stats materialized view...
2026-04-30T12:41:00.017+02:00  INFO 34540 --- [emt-lab] [scheduling-1] f.w.e.s.MaterializedViewRefreshScheduler : Finished refresh of book_category_stats materialized view.
2026-04-30T12:42:00.015+02:00  INFO 34540 --- [emt-lab] [scheduling-1] f.w.e.s.MaterializedViewRefreshScheduler : Starting refresh of book_category_stats materialized view...
2026-04-30T12:42:00.041+02:00  INFO 34540 --- [emt-lab] [scheduling-1] f.w.e.s.MaterializedViewRefreshScheduler : Finished refresh of book_category_stats materialized view.
2026-04-30T12:43:00.012+02:00  INFO 34540 --- [emt-lab] [scheduling-1] f.w.e.s.MaterializedViewRefreshScheduler : Starting refresh of book_category_stats materialized view...
2026-04-30T12:43:00.028+02:00  INFO 34540 --- [emt-lab] [scheduling-1] f.w.e.s.MaterializedViewRefreshScheduler : Finished refresh of book_category_stats materialized view.
2026-04-30T12:44:00.011+02:00  INFO 34540 --- [emt-lab] [scheduling-1] f.w.e.s.MaterializedViewRefreshScheduler : Starting refresh of book_category_stats materialized view...
2026-04-30T12:44:00.022+02:00  INFO 34540 --- [emt-lab] [scheduling-1] f.w.e.s.MaterializedViewRefreshScheduler : Finished refresh of book_category_stats materialized view.
2026-04-30T12:45:00.005+02:00  INFO 34540 --- [emt-lab] [scheduling-1] f.w.e.s.MaterializedViewRefreshScheduler : Starting refresh of book_category_stats materialized view...
2026-04-30T12:45:00.014+02:00  INFO 34540 --- [emt-lab] [scheduling-1] f.w.e.s.MaterializedViewRefreshScheduler : Finished refresh of book_category_stats materialized view.
2026-04-30T12:46:00.008+02:00  INFO 34540 --- [emt-lab] [scheduling-1] f.w.e.s.MaterializedViewRefreshScheduler : Starting refresh of book_category_stats materialized view...
2026-04-30T12:46:00.040+02:00  INFO 34540 --- [emt-lab] [scheduling-1] f.w.e.s.MaterializedViewRefreshScheduler : Finished refresh of book_category_stats materialized view.
2026-04-30T12:47:00.007+02:00  INFO 34540 --- [emt-lab] [scheduling-1] f.w.e.s.MaterializedViewRefreshScheduler : Starting refresh of book_category_stats materialized view...
2026-04-30T12:47:00.039+02:00  INFO 34540 --- [emt-lab] [scheduling-1] f.w.e.s.MaterializedViewRefreshScheduler : Finished refresh of book_category_stats materialized view.
2026-04-30T12:47:45.868+02:00  WARN 34540 --- [emt-lab] [http-nio-8081-exec-6] ration$PageModule$WarningLoggingModifier : Serializing PageImpl instances as-is is not supported, meaning that there is no guarantee about the stability of the resulting JSON structure!
	For a stable JSON structure, please use Spring Data's PagedModel (globally via @EnableSpringDataWebSupport(pageSerializationMode = VIA_DTO))
	or Spring HATEOAS and Spring Data's PagedResourcesAssembler as documented in https://docs.spring.io/spring-data/commons/reference/repositories/core-extensions.html#core.web.pageables.

2026-04-30T12:48:00.014+02:00  INFO 34540 --- [emt-lab] [scheduling-1] f.w.e.s.MaterializedViewRefreshScheduler : Starting refresh of book_category_stats materialized view...
2026-04-30T12:48:00.022+02:00  INFO 34540 --- [emt-lab] [scheduling-1] f.w.e.s.MaterializedViewRefreshScheduler : Finished refresh of book_category_stats materialized view.
2026-04-30T12:49:00.019+02:00  INFO 34540 --- [emt-lab] [scheduling-1] f.w.e.s.MaterializedViewRefreshScheduler : Starting refresh of book_category_stats materialized view...
2026-04-30T12:49:00.039+02:00  INFO 34540 --- [emt-lab] [scheduling-1] f.w.e.s.MaterializedViewRefreshScheduler : Finished refresh of book_category_stats materialized view.
2026-04-30T12:50:00.008+02:00  INFO 34540 --- [emt-lab] [scheduling-1] f.w.e.s.MaterializedViewRefreshScheduler : Starting refresh of book_category_stats materialized view...
2026-04-30T12:50:00.023+02:00  INFO 34540 --- [emt-lab] [scheduling-1] f.w.e.s.MaterializedViewRefreshScheduler : Finished refresh of book_category_stats materialized view.
2026-04-30T12:50:02.166+02:00  WARN 34540 --- [emt-lab] [http-nio-8081-exec-2] .w.s.m.s.DefaultHandlerExceptionResolver : Resolved [org.springframework.web.method.annotation.MethodArgumentTypeMismatchException: Method parameter 'id': Failed to convert value of type 'java.lang.String' to required type 'java.lang.Long'; For input string: "states"]
2026-04-30T12:50:23.217+02:00  WARN 34540 --- [emt-lab] [http-nio-8081-exec-4] .w.s.m.s.DefaultHandlerExceptionResolver : Resolved [org.springframework.web.method.annotation.MethodArgumentTypeMismatchException: Method parameter 'id': Failed to convert value of type 'java.lang.String' to required type 'java.lang.Long'; For input string: "states"]
2026-04-30T12:50:23.233+02:00  WARN 34540 --- [emt-lab] [http-nio-8081-exec-8] .w.s.m.s.DefaultHandlerExceptionResolver : Resolved [org.springframework.web.method.annotation.MethodArgumentTypeMismatchException: Method parameter 'id': Failed to convert value of type 'java.lang.String' to required type 'java.lang.Long'; For input string: "states"]
2026-04-30T12:51:00.014+02:00  INFO 34540 --- [emt-lab] [scheduling-1] f.w.e.s.MaterializedViewRefreshScheduler : Starting refresh of book_category_stats materialized view...
2026-04-30T12:51:00.056+02:00  INFO 34540 --- [emt-lab] [scheduling-1] f.w.e.s.MaterializedViewRefreshScheduler : Finished refresh of book_category_stats materialized view.
2026-04-30T12:51:25.212+02:00  INFO 34540 --- [emt-lab] [SpringApplicationShutdownHook] com.zaxxer.hikari.HikariDataSource       : HikariPool-1 - Shutdown initiated...
2026-04-30T12:51:25.219+02:00  INFO 34540 --- [emt-lab] [SpringApplicationShutdownHook] com.zaxxer.hikari.HikariDataSource       : HikariPool-1 - Shutdown completed.
2026-04-30T12:51:31.513+02:00  INFO 23080 --- [emt-lab] [main] m.u.finki.wp.emtlab.EmtLabApplication    : Starting EmtLabApplication using Java 21.0.8 with PID 23080 (D:\wp-25\aa\backend\target\classes started by Mario in D:\wp-25\aa)
2026-04-30T12:51:31.518+02:00  INFO 23080 --- [emt-lab] [main] m.u.finki.wp.emtlab.EmtLabApplication    : The following 1 profile is active: "dev"
2026-04-30T12:51:33.945+02:00  INFO 23080 --- [emt-lab] [main] o.apache.catalina.core.StandardService   : Starting service [Tomcat]
2026-04-30T12:51:33.945+02:00  INFO 23080 --- [emt-lab] [main] o.apache.catalina.core.StandardEngine    : Starting Servlet engine: [Apache Tomcat/10.1.36]
2026-04-30T12:51:34.011+02:00  INFO 23080 --- [emt-lab] [main] o.a.c.c.C.[Tomcat].[localhost].[/]       : Initializing Spring embedded WebApplicationContext
2026-04-30T12:51:34.274+02:00  INFO 23080 --- [emt-lab] [main] com.zaxxer.hikari.HikariDataSource       : HikariPool-1 - Starting...
2026-04-30T12:51:34.478+02:00  INFO 23080 --- [emt-lab] [main] com.zaxxer.hikari.pool.HikariPool        : HikariPool-1 - Added connection org.postgresql.jdbc.PgConnection@1c4057f9
2026-04-30T12:51:34.481+02:00  INFO 23080 --- [emt-lab] [main] com.zaxxer.hikari.HikariDataSource       : HikariPool-1 - Start completed.
2026-04-30T12:51:34.518+02:00  INFO 23080 --- [emt-lab] [main] org.flywaydb.core.FlywayExecutor         : Database: jdbc:postgresql://localhost:5434/emtlab (PostgreSQL 17.4)
2026-04-30T12:51:34.628+02:00  INFO 23080 --- [emt-lab] [main] o.f.core.internal.command.DbValidate     : Successfully validated 12 migrations (execution time 00:00.058s)
2026-04-30T12:51:34.675+02:00  INFO 23080 --- [emt-lab] [main] o.f.core.internal.command.DbMigrate      : Current version of schema "public": 12
2026-04-30T12:51:34.688+02:00  INFO 23080 --- [emt-lab] [main] o.f.core.internal.command.DbMigrate      : Schema "public" is up to date. No migration necessary.
2026-04-30T12:51:34.816+02:00  INFO 23080 --- [emt-lab] [main] o.hibernate.jpa.internal.util.LogHelper  : HHH000204: Processing PersistenceUnitInfo [name: default]
2026-04-30T12:51:34.933+02:00  INFO 23080 --- [emt-lab] [main] org.hibernate.Version                    : HHH000412: Hibernate ORM core version 6.6.8.Final
2026-04-30T12:51:35.003+02:00  INFO 23080 --- [emt-lab] [main] o.h.c.internal.RegionFactoryInitiator    : HHH000026: Second-level cache disabled
2026-04-30T12:51:35.542+02:00  INFO 23080 --- [emt-lab] [main] org.hibernate.orm.connections.pooling    : HHH10001005: Database info:
	Database JDBC URL [Connecting through datasource 'HikariDataSource (HikariPool-1)']
	Database driver: undefined/unknown
	Database version: 17.4
	Autocommit mode: undefined/unknown
	Isolation level: undefined/unknown
	Minimum pool size: undefined/unknown
	Maximum pool size: undefined/unknown
2026-04-30T12:51:37.187+02:00  INFO 23080 --- [emt-lab] [main] o.h.e.t.j.p.i.JtaPlatformInitiator       : HHH000489: No JTA platform available (set 'hibernate.transaction.jta.platform' to enable JTA platform integration)
2026-04-30T12:51:37.851+02:00  WARN 23080 --- [emt-lab] [main] JpaBaseConfiguration$JpaWebConfiguration : spring.jpa.open-in-view is enabled by default. Therefore, database queries may be performed during view rendering. Explicitly configure spring.jpa.open-in-view to disable this warning
2026-04-30T12:51:40.862+02:00  INFO 23080 --- [emt-lab] [main] m.u.finki.wp.emtlab.EmtLabApplication    : Started EmtLabApplication in 10.332 seconds (process running for 11.836)
2026-04-30T12:51:45.939+02:00  INFO 23080 --- [emt-lab] [http-nio-8081-exec-2] o.a.c.c.C.[Tomcat].[localhost].[/]       : Initializing Spring DispatcherServlet 'dispatcherServlet'
2026-04-30T12:51:48.433+02:00  WARN 23080 --- [emt-lab] [http-nio-8081-exec-5] ration$PageModule$WarningLoggingModifier : Serializing PageImpl instances as-is is not supported, meaning that there is no guarantee about the stability of the resulting JSON structure!
	For a stable JSON structure, please use Spring Data's PagedModel (globally via @EnableSpringDataWebSupport(pageSerializationMode = VIA_DTO))
	or Spring HATEOAS and Spring Data's PagedResourcesAssembler as documented in https://docs.spring.io/spring-data/commons/reference/repositories/core-extensions.html#core.web.pageables.

2026-04-30T12:52:00.074+02:00  INFO 23080 --- [emt-lab] [scheduling-1] f.w.e.s.MaterializedViewRefreshScheduler : Starting refresh of book_category_stats materialized view...
2026-04-30T12:52:00.129+02:00  INFO 23080 --- [emt-lab] [scheduling-1] f.w.e.s.MaterializedViewRefreshScheduler : Finished refresh of book_category_stats materialized view.
2026-04-30T12:53:00.014+02:00  INFO 23080 --- [emt-lab] [scheduling-1] f.w.e.s.MaterializedViewRefreshScheduler : Starting refresh of book_category_stats materialized view...
2026-04-30T12:53:00.033+02:00  INFO 23080 --- [emt-lab] [scheduling-1] f.w.e.s.MaterializedViewRefreshScheduler : Finished refresh of book_category_stats materialized view.
2026-04-30T12:54:00.011+02:00  INFO 23080 --- [emt-lab] [scheduling-1] f.w.e.s.MaterializedViewRefreshScheduler : Starting refresh of book_category_stats materialized view...
2026-04-30T12:54:00.063+02:00  INFO 23080 --- [emt-lab] [scheduling-1] f.w.e.s.MaterializedViewRefreshScheduler : Finished refresh of book_category_stats materialized view.
2026-04-30T12:55:00.006+02:00  INFO 23080 --- [emt-lab] [scheduling-1] f.w.e.s.MaterializedViewRefreshScheduler : Starting refresh of book_category_stats materialized view...
2026-04-30T12:55:00.044+02:00  INFO 23080 --- [emt-lab] [scheduling-1] f.w.e.s.MaterializedViewRefreshScheduler : Finished refresh of book_category_stats materialized view.
2026-04-30T12:56:00.012+02:00  INFO 23080 --- [emt-lab] [scheduling-1] f.w.e.s.MaterializedViewRefreshScheduler : Starting refresh of book_category_stats materialized view...
2026-04-30T12:56:00.047+02:00  INFO 23080 --- [emt-lab] [scheduling-1] f.w.e.s.MaterializedViewRefreshScheduler : Finished refresh of book_category_stats materialized view.
2026-04-30T12:56:04.478+02:00  INFO 23080 --- [emt-lab] [SpringApplicationShutdownHook] com.zaxxer.hikari.HikariDataSource       : HikariPool-1 - Shutdown initiated...
2026-04-30T12:56:04.481+02:00  INFO 23080 --- [emt-lab] [SpringApplicationShutdownHook] com.zaxxer.hikari.HikariDataSource       : HikariPool-1 - Shutdown completed.
2026-04-30T12:56:10.321+02:00  INFO 37884 --- [emt-lab] [main] m.u.finki.wp.emtlab.EmtLabApplication    : Starting EmtLabApplication using Java 21.0.8 with PID 37884 (D:\wp-25\aa\backend\target\classes started by Mario in D:\wp-25\aa)
2026-04-30T12:56:10.324+02:00  INFO 37884 --- [emt-lab] [main] m.u.finki.wp.emtlab.EmtLabApplication    : The following 1 profile is active: "dev"
2026-04-30T12:56:12.434+02:00  INFO 37884 --- [emt-lab] [main] o.apache.catalina.core.StandardService   : Starting service [Tomcat]
2026-04-30T12:56:12.435+02:00  INFO 37884 --- [emt-lab] [main] o.apache.catalina.core.StandardEngine    : Starting Servlet engine: [Apache Tomcat/10.1.36]
2026-04-30T12:56:12.510+02:00  INFO 37884 --- [emt-lab] [main] o.a.c.c.C.[Tomcat].[localhost].[/]       : Initializing Spring embedded WebApplicationContext
2026-04-30T12:56:12.776+02:00  INFO 37884 --- [emt-lab] [main] com.zaxxer.hikari.HikariDataSource       : HikariPool-1 - Starting...
2026-04-30T12:56:12.937+02:00  INFO 37884 --- [emt-lab] [main] com.zaxxer.hikari.pool.HikariPool        : HikariPool-1 - Added connection org.postgresql.jdbc.PgConnection@72a3462f
2026-04-30T12:56:12.939+02:00  INFO 37884 --- [emt-lab] [main] com.zaxxer.hikari.HikariDataSource       : HikariPool-1 - Start completed.
2026-04-30T12:56:12.975+02:00  INFO 37884 --- [emt-lab] [main] org.flywaydb.core.FlywayExecutor         : Database: jdbc:postgresql://localhost:5434/emtlab (PostgreSQL 17.4)
2026-04-30T12:56:13.092+02:00  INFO 37884 --- [emt-lab] [main] o.f.core.internal.command.DbValidate     : Successfully validated 12 migrations (execution time 00:00.077s)
2026-04-30T12:56:13.126+02:00  INFO 37884 --- [emt-lab] [main] o.f.core.internal.command.DbMigrate      : Current version of schema "public": 12
2026-04-30T12:56:13.133+02:00  INFO 37884 --- [emt-lab] [main] o.f.core.internal.command.DbMigrate      : Schema "public" is up to date. No migration necessary.
2026-04-30T12:56:13.310+02:00  INFO 37884 --- [emt-lab] [main] o.hibernate.jpa.internal.util.LogHelper  : HHH000204: Processing PersistenceUnitInfo [name: default]
2026-04-30T12:56:13.382+02:00  INFO 37884 --- [emt-lab] [main] org.hibernate.Version                    : HHH000412: Hibernate ORM core version 6.6.8.Final
2026-04-30T12:56:13.430+02:00  INFO 37884 --- [emt-lab] [main] o.h.c.internal.RegionFactoryInitiator    : HHH000026: Second-level cache disabled
2026-04-30T12:56:14.634+02:00  INFO 37884 --- [emt-lab] [main] org.hibernate.orm.connections.pooling    : HHH10001005: Database info:
	Database JDBC URL [Connecting through datasource 'HikariDataSource (HikariPool-1)']
	Database driver: undefined/unknown
	Database version: 17.4
	Autocommit mode: undefined/unknown
	Isolation level: undefined/unknown
	Minimum pool size: undefined/unknown
	Maximum pool size: undefined/unknown
2026-04-30T12:56:16.164+02:00  INFO 37884 --- [emt-lab] [main] o.h.e.t.j.p.i.JtaPlatformInitiator       : HHH000489: No JTA platform available (set 'hibernate.transaction.jta.platform' to enable JTA platform integration)
2026-04-30T12:56:16.756+02:00  WARN 37884 --- [emt-lab] [main] JpaBaseConfiguration$JpaWebConfiguration : spring.jpa.open-in-view is enabled by default. Therefore, database queries may be performed during view rendering. Explicitly configure spring.jpa.open-in-view to disable this warning
2026-04-30T12:56:22.883+02:00  INFO 37884 --- [emt-lab] [main] m.u.finki.wp.emtlab.EmtLabApplication    : Started EmtLabApplication in 13.295 seconds (process running for 14.411)
2026-04-30T12:56:24.474+02:00  INFO 37884 --- [emt-lab] [http-nio-8081-exec-2] o.a.c.c.C.[Tomcat].[localhost].[/]       : Initializing Spring DispatcherServlet 'dispatcherServlet'
2026-04-30T12:56:28.039+02:00  WARN 37884 --- [emt-lab] [http-nio-8081-exec-5] ration$PageModule$WarningLoggingModifier : Serializing PageImpl instances as-is is not supported, meaning that there is no guarantee about the stability of the resulting JSON structure!
	For a stable JSON structure, please use Spring Data's PagedModel (globally via @EnableSpringDataWebSupport(pageSerializationMode = VIA_DTO))
	or Spring HATEOAS and Spring Data's PagedResourcesAssembler as documented in https://docs.spring.io/spring-data/commons/reference/repositories/core-extensions.html#core.web.pageables.

2026-04-30T12:57:00.064+02:00  INFO 37884 --- [emt-lab] [scheduling-1] f.w.e.s.MaterializedViewRefreshScheduler : Starting refresh of book_category_stats materialized view...
2026-04-30T12:57:00.136+02:00  INFO 37884 --- [emt-lab] [scheduling-1] f.w.e.s.MaterializedViewRefreshScheduler : Finished refresh of book_category_stats materialized view.
2026-04-30T12:58:00.013+02:00  INFO 37884 --- [emt-lab] [scheduling-1] f.w.e.s.MaterializedViewRefreshScheduler : Starting refresh of book_category_stats materialized view...
2026-04-30T12:58:00.030+02:00  INFO 37884 --- [emt-lab] [scheduling-1] f.w.e.s.MaterializedViewRefreshScheduler : Finished refresh of book_category_stats materialized view.
2026-04-30T12:59:00.014+02:00  INFO 37884 --- [emt-lab] [scheduling-1] f.w.e.s.MaterializedViewRefreshScheduler : Starting refresh of book_category_stats materialized view...
2026-04-30T12:59:00.021+02:00  INFO 37884 --- [emt-lab] [scheduling-1] f.w.e.s.MaterializedViewRefreshScheduler : Finished refresh of book_category_stats materialized view.
2026-04-30T13:00:00.014+02:00  INFO 37884 --- [emt-lab] [scheduling-1] f.w.e.s.MaterializedViewRefreshScheduler : Starting refresh of book_category_stats materialized view...
2026-04-30T13:00:00.049+02:00  INFO 37884 --- [emt-lab] [scheduling-1] f.w.e.s.MaterializedViewRefreshScheduler : Finished refresh of book_category_stats materialized view.
2026-04-30T13:01:00.017+02:00  INFO 37884 --- [emt-lab] [scheduling-1] f.w.e.s.MaterializedViewRefreshScheduler : Starting refresh of book_category_stats materialized view...
2026-04-30T13:01:00.038+02:00  INFO 37884 --- [emt-lab] [scheduling-1] f.w.e.s.MaterializedViewRefreshScheduler : Finished refresh of book_category_stats materialized view.
2026-04-30T13:02:00.010+02:00  INFO 37884 --- [emt-lab] [scheduling-1] f.w.e.s.MaterializedViewRefreshScheduler : Starting refresh of book_category_stats materialized view...
2026-04-30T13:02:00.043+02:00  INFO 37884 --- [emt-lab] [scheduling-1] f.w.e.s.MaterializedViewRefreshScheduler : Finished refresh of book_category_stats materialized view.
2026-04-30T13:03:00.017+02:00  INFO 37884 --- [emt-lab] [scheduling-1] f.w.e.s.MaterializedViewRefreshScheduler : Starting refresh of book_category_stats materialized view...
2026-04-30T13:03:00.031+02:00  INFO 37884 --- [emt-lab] [scheduling-1] f.w.e.s.MaterializedViewRefreshScheduler : Finished refresh of book_category_stats materialized view.
2026-04-30T13:04:00.015+02:00  INFO 37884 --- [emt-lab] [scheduling-1] f.w.e.s.MaterializedViewRefreshScheduler : Starting refresh of book_category_stats materialized view...
2026-04-30T13:04:00.037+02:00  INFO 37884 --- [emt-lab] [scheduling-1] f.w.e.s.MaterializedViewRefreshScheduler : Finished refresh of book_category_stats materialized view.
2026-04-30T13:05:00.017+02:00  INFO 37884 --- [emt-lab] [scheduling-1] f.w.e.s.MaterializedViewRefreshScheduler : Starting refresh of book_category_stats materialized view...
2026-04-30T13:05:00.024+02:00  INFO 37884 --- [emt-lab] [scheduling-1] f.w.e.s.MaterializedViewRefreshScheduler : Finished refresh of book_category_stats materialized view.
2026-04-30T18:34:10.603+02:00  WARN 37884 --- [emt-lab] [HikariPool-1 housekeeper] com.zaxxer.hikari.pool.HikariPool        : HikariPool-1 - Thread starvation or clock leap detected (housekeeper delta=5h29m30s984ms855µs700ns).
2026-04-30T18:34:57.426+02:00  INFO 37884 --- [emt-lab] [scheduling-1] f.w.e.s.MaterializedViewRefreshScheduler : Starting refresh of book_category_stats materialized view...
2026-04-30T18:34:57.468+02:00  INFO 37884 --- [emt-lab] [scheduling-1] f.w.e.s.MaterializedViewRefreshScheduler : Finished refresh of book_category_stats materialized view.
2026-04-30T18:35:00.012+02:00  INFO 37884 --- [emt-lab] [scheduling-1] f.w.e.s.MaterializedViewRefreshScheduler : Starting refresh of book_category_stats materialized view...
2026-04-30T18:35:00.017+02:00  INFO 37884 --- [emt-lab] [scheduling-1] f.w.e.s.MaterializedViewRefreshScheduler : Finished refresh of book_category_stats materialized view.
2026-04-30T18:36:00.017+02:00  INFO 37884 --- [emt-lab] [scheduling-1] f.w.e.s.MaterializedViewRefreshScheduler : Starting refresh of book_category_stats materialized view...
2026-04-30T18:36:00.034+02:00  INFO 37884 --- [emt-lab] [scheduling-1] f.w.e.s.MaterializedViewRefreshScheduler : Finished refresh of book_category_stats materialized view.
2026-04-30T18:37:00.013+02:00  INFO 37884 --- [emt-lab] [scheduling-1] f.w.e.s.MaterializedViewRefreshScheduler : Starting refresh of book_category_stats materialized view...
2026-04-30T18:37:00.042+02:00  INFO 37884 --- [emt-lab] [scheduling-1] f.w.e.s.MaterializedViewRefreshScheduler : Finished refresh of book_category_stats materialized view.
2026-04-30T18:38:00.009+02:00  INFO 37884 --- [emt-lab] [scheduling-1] f.w.e.s.MaterializedViewRefreshScheduler : Starting refresh of book_category_stats materialized view...
2026-04-30T18:38:00.022+02:00  INFO 37884 --- [emt-lab] [scheduling-1] f.w.e.s.MaterializedViewRefreshScheduler : Finished refresh of book_category_stats materialized view.
2026-04-30T18:39:00.010+02:00  INFO 37884 --- [emt-lab] [scheduling-1] f.w.e.s.MaterializedViewRefreshScheduler : Starting refresh of book_category_stats materialized view...
2026-04-30T18:39:00.030+02:00  INFO 37884 --- [emt-lab] [scheduling-1] f.w.e.s.MaterializedViewRefreshScheduler : Finished refresh of book_category_stats materialized view.
2026-04-30T18:40:00.011+02:00  INFO 37884 --- [emt-lab] [scheduling-1] f.w.e.s.MaterializedViewRefreshScheduler : Starting refresh of book_category_stats materialized view...
2026-04-30T18:40:00.032+02:00  INFO 37884 --- [emt-lab] [scheduling-1] f.w.e.s.MaterializedViewRefreshScheduler : Finished refresh of book_category_stats materialized view.
2026-04-30T18:41:00.008+02:00  INFO 37884 --- [emt-lab] [scheduling-1] f.w.e.s.MaterializedViewRefreshScheduler : Starting refresh of book_category_stats materialized view...
2026-04-30T18:41:00.024+02:00  INFO 37884 --- [emt-lab] [scheduling-1] f.w.e.s.MaterializedViewRefreshScheduler : Finished refresh of book_category_stats materialized view.
2026-04-30T18:42:00.021+02:00  INFO 37884 --- [emt-lab] [scheduling-1] f.w.e.s.MaterializedViewRefreshScheduler : Starting refresh of book_category_stats materialized view...
2026-04-30T18:42:00.055+02:00  INFO 37884 --- [emt-lab] [scheduling-1] f.w.e.s.MaterializedViewRefreshScheduler : Finished refresh of book_category_stats materialized view.
2026-04-30T18:43:00.018+02:00  INFO 37884 --- [emt-lab] [scheduling-1] f.w.e.s.MaterializedViewRefreshScheduler : Starting refresh of book_category_stats materialized view...
2026-04-30T18:43:00.035+02:00  INFO 37884 --- [emt-lab] [scheduling-1] f.w.e.s.MaterializedViewRefreshScheduler : Finished refresh of book_category_stats materialized view.
2026-04-30T19:01:47.918+02:00  WARN 37884 --- [emt-lab] [HikariPool-1 housekeeper] com.zaxxer.hikari.pool.HikariPool        : HikariPool-1 - Thread starvation or clock leap detected (housekeeper delta=18m37s182ms944µs400ns).
2026-04-30T19:02:07.191+02:00  INFO 37884 --- [emt-lab] [scheduling-1] f.w.e.s.MaterializedViewRefreshScheduler : Starting refresh of book_category_stats materialized view...
2026-04-30T19:02:07.213+02:00  INFO 37884 --- [emt-lab] [scheduling-1] f.w.e.s.MaterializedViewRefreshScheduler : Finished refresh of book_category_stats materialized view.
2026-04-30T19:02:56.563+02:00  INFO 37884 --- [emt-lab] [SpringApplicationShutdownHook] com.zaxxer.hikari.HikariDataSource       : HikariPool-1 - Shutdown initiated...
2026-04-30T19:02:56.572+02:00  INFO 37884 --- [emt-lab] [SpringApplicationShutdownHook] com.zaxxer.hikari.HikariDataSource       : HikariPool-1 - Shutdown completed.
